  GUItextRectangle.cpp
  MyOGL.cpp
  Object.cpp
  OpenGLrememberProj.cpp
  Primitives.cpp
  PrimitivesStatic.cpp
  Render.cpp
C:\Users\nastya\Downloads\poverhnostBezie\OpenGLrememberProj\Render.cpp(135,31): warning C4838: Преобразование из "double" в "GLfloat" требует сужающего преобразования.
C:\Users\nastya\Downloads\poverhnostBezie\OpenGLrememberProj\Render.cpp(135,40): warning C4838: Преобразование из "double" в "GLfloat" требует сужающего преобразования.
C:\Users\nastya\Downloads\poverhnostBezie\OpenGLrememberProj\Render.cpp(135,49): warning C4838: Преобразование из "double" в "GLfloat" требует сужающего преобразования.
C:\Users\nastya\Downloads\poverhnostBezie\OpenGLrememberProj\Render.cpp(435,22): warning C4101: yn1: неиспользованная локальная переменная
C:\Users\nastya\Downloads\poverhnostBezie\OpenGLrememberProj\Render.cpp(435,17): warning C4101: xn1: неиспользованная локальная переменная
C:\Users\nastya\Downloads\poverhnostBezie\OpenGLrememberProj\Render.cpp(435,146): warning C4101: z4: неиспользованная локальная переменная
C:\Users\nastya\Downloads\poverhnostBezie\OpenGLrememberProj\Render.cpp(435,142): warning C4101: z3: неиспользованная локальная переменная
C:\Users\nastya\Downloads\poverhnostBezie\OpenGLrememberProj\Render.cpp(435,159): warning C4101: fi1: неиспользованная локальная переменная
C:\Users\nastya\Downloads\poverhnostBezie\OpenGLrememberProj\Render.cpp(560,26): warning C4552: "+": результат выражения не используется
C:\Users\nastya\Downloads\poverhnostBezie\OpenGLrememberProj\Render.cpp(954,149): warning C4101: z4: неиспользованная локальная переменная
C:\Users\nastya\Downloads\poverhnostBezie\OpenGLrememberProj\Render.cpp(954,145): warning C4101: z3: неиспользованная локальная переменная
C:\Users\nastya\Downloads\poverhnostBezie\OpenGLrememberProj\Render.cpp(954,162): warning C4101: fi1: неиспользованная локальная переменная
C:\Users\nastya\Downloads\poverhnostBezie\OpenGLrememberProj\Render.cpp(677,40): warning C4101: x4: неиспользованная локальная переменная
C:\Users\nastya\Downloads\poverhnostBezie\OpenGLrememberProj\Render.cpp(677,88): warning C4101: z4: неиспользованная локальная переменная
C:\Users\nastya\Downloads\poverhnostBezie\OpenGLrememberProj\Render.cpp(677,60): warning C4101: y3: неиспользованная локальная переменная
C:\Users\nastya\Downloads\poverhnostBezie\OpenGLrememberProj\Render.cpp(677,84): warning C4101: z3: неиспользованная локальная переменная
C:\Users\nastya\Downloads\poverhnostBezie\OpenGLrememberProj\Render.cpp(677,36): warning C4101: x3: неиспользованная локальная переменная
C:\Users\nastya\Downloads\poverhnostBezie\OpenGLrememberProj\Render.cpp(676,11): warning C4101: f: неиспользованная локальная переменная
C:\Users\nastya\Downloads\poverhnostBezie\OpenGLrememberProj\Render.cpp(676,14): warning C4101: l: неиспользованная локальная переменная
C:\Users\nastya\Downloads\poverhnostBezie\OpenGLrememberProj\Render.cpp(677,64): warning C4101: y4: неиспользованная локальная переменная
C:\Users\nastya\Downloads\poverhnostBezie\OpenGLrememberProj\Render.cpp(676,20): warning C4101: n: неиспользованная локальная переменная
C:\Users\nastya\Downloads\poverhnostBezie\OpenGLrememberProj\Render.cpp(676,17): warning C4101: u: неиспользованная локальная переменная
C:\Users\nastya\Downloads\poverhnostBezie\OpenGLrememberProj\Render.cpp(677,101): warning C4101: fi1: неиспользованная локальная переменная
  Создание кода...
C:\Users\nastya\Downloads\poverhnostBezie\OpenGLrememberProj\Render.cpp(416): warning C4172: возвращение адреса локальной или временной переменной : n
C:\Users\nastya\Downloads\poverhnostBezie\OpenGLrememberProj\Render.cpp(428): warning C4172: возвращение адреса локальной или временной переменной : n
  OpenGLrememberProj.vcxproj -> C:\Users\nastya\Downloads\poverhnostBezie\Debug\OpenGLrememberProj.exe
